<ShowPlanXML xmlns="http://schemas.microsoft.com/sqlserver/2004/07/showplan" Version="1.2" Build="11.0.2100.60"><BatchSequence><Batch><Statements><StmtSimple StatementText="SELECT * FROM dbo.AirLinesTable WHERE AirLineCodeIATA = &apos;UA&apos; " StatementId="1" StatementCompId="1" StatementType="SELECT" RetrievedFromCache="true" StatementSubTreeCost="0.00688856" StatementEstRows="1.27895" StatementOptmLevel="FULL" QueryHash="0x7014D91AE2777FCB" QueryPlanHash="0x4905013BC1E2E629" StatementOptmEarlyAbortReason="GoodEnoughPlanFound" ParameterizedText="(@1 varchar(8000))SELECT * FROM [dbo].[AirLinesTable] WHERE [AirLineCodeIATA]=@1"><StatementSetOptions QUOTED_IDENTIFIER="true" ARITHABORT="false" CONCAT_NULL_YIELDS_NULL="true" ANSI_NULLS="true" ANSI_PADDING="true" ANSI_WARNINGS="true" NUMERIC_ROUNDABORT="false"/><QueryPlan CachedPlanSize="40" CompileTime="2" CompileCPU="2" CompileMemory="216"><MemoryGrantInfo SerialRequiredMemory="0" SerialDesiredMemory="0"/><OptimizerHardwareDependentProperties EstimatedAvailableMemoryGrant="103552" EstimatedPagesCached="51776" EstimatedAvailableDegreeOfParallelism="4"/><RelOp NodeId="0" PhysicalOp="Nested Loops" LogicalOp="Inner Join" EstimateRows="1.27895" EstimateIO="0" EstimateCPU="5.346e-006" AvgRowSize="16373" EstimatedTotalSubtreeCost="0.00688856" Parallel="0" EstimateRebinds="0" EstimateRewinds="0" EstimatedExecutionMode="Row"><OutputList><ColumnReference Database="[AirLinesDBNew62]" Schema="[dbo]" Table="[AirLinesTable]" Column="AirLineUniqueNumber"/><ColumnReference Database="[AirLinesDBNew62]" Schema="[dbo]" Table="[AirLinesTable]" Column="AirLine_ID"/><ColumnReference Database="[AirLinesDBNew62]" Schema="[dbo]" Table="[AirLinesTable]" Column="AirLineName"/><ColumnReference Database="[AirLinesDBNew62]" Schema="[dbo]" Table="[AirLinesTable]" Column="AirLineAlias"/><ColumnReference Database="[AirLinesDBNew62]" Schema="[dbo]" Table="[AirLinesTable]" Column="AirLineCodeIATA"/><ColumnReference Database="[AirLinesDBNew62]" Schema="[dbo]" Table="[AirLinesTable]" Column="AirLineCodeICAO"/><ColumnReference Database="[AirLinesDBNew62]" Schema="[dbo]" Table="[AirLinesTable]" Column="AirLineCallSighn"/><ColumnReference Database="[AirLinesDBNew62]" Schema="[dbo]" Table="[AirLinesTable]" Column="AirLineCity"/><ColumnReference Database="[AirLinesDBNew62]" Schema="[dbo]" Table="[AirLinesTable]" Column="AirLineCountry"/><ColumnReference Database="[AirLinesDBNew62]" Schema="[dbo]" Table="[AirLinesTable]" Column="AirLineStatus"/><ColumnReference Database="[AirLinesDBNew62]" Schema="[dbo]" Table="[AirLinesTable]" Column="CreationDate"/><ColumnReference Database="[AirLinesDBNew62]" Schema="[dbo]" Table="[AirLinesTable]" Column="AirLineDescription"/><ColumnReference Database="[AirLinesDBNew62]" Schema="[dbo]" Table="[AirLinesTable]" Column="Aliance"/><ColumnReference Database="[AirLinesDBNew62]" Schema="[dbo]" Table="[AirLinesTable]" Column="Hubs"/></OutputList><NestedLoops Optimized="0"><OuterReferences><ColumnReference Database="[AirLinesDBNew62]" Schema="[dbo]" Table="[AirLinesTable]" Column="AirLineUniqueNumber"/></OuterReferences><RelOp NodeId="1" PhysicalOp="Index Seek" LogicalOp="Index Seek" EstimateRows="1.27895" EstimateIO="0.003125" EstimateCPU="0.000158407" AvgRowSize="22" EstimatedTotalSubtreeCost="0.00328341" TableCardinality="243" Parallel="0" EstimateRebinds="0" EstimateRewinds="0" EstimatedExecutionMode="Row"><OutputList><ColumnReference Database="[AirLinesDBNew62]" Schema="[dbo]" Table="[AirLinesTable]" Column="AirLineUniqueNumber"/><ColumnReference Database="[AirLinesDBNew62]" Schema="[dbo]" Table="[AirLinesTable]" Column="AirLineCodeIATA"/></OutputList><IndexScan Ordered="1" ScanDirection="FORWARD" ForcedIndex="0" ForceSeek="0" ForceScan="0" NoExpandHint="0" Storage="RowStore"><DefinedValues><DefinedValue><ColumnReference Database="[AirLinesDBNew62]" Schema="[dbo]" Table="[AirLinesTable]" Column="AirLineUniqueNumber"/></DefinedValue><DefinedValue><ColumnReference Database="[AirLinesDBNew62]" Schema="[dbo]" Table="[AirLinesTable]" Column="AirLineCodeIATA"/></DefinedValue></DefinedValues><Object Database="[AirLinesDBNew62]" Schema="[dbo]" Table="[AirLinesTable]" Index="[IX_AirLinesTable_IATA]" IndexKind="NonClustered"/><SeekPredicates><SeekPredicateNew><SeekKeys><Prefix ScanType="EQ"><RangeColumns><ColumnReference Database="[AirLinesDBNew62]" Schema="[dbo]" Table="[AirLinesTable]" Column="AirLineCodeIATA"/></RangeColumns><RangeExpressions><ScalarOperator ScalarString="N&apos;UA&apos;"><Const ConstValue="N&apos;UA&apos;"/></ScalarOperator></RangeExpressions></Prefix></SeekKeys></SeekPredicateNew></SeekPredicates></IndexScan></RelOp><RelOp NodeId="3" PhysicalOp="Clustered Index Seek" LogicalOp="Clustered Index Seek" EstimateRows="1" EstimateIO="0.003125" EstimateCPU="0.0001581" AvgRowSize="16360" EstimatedTotalSubtreeCost="0.00359981" TableCardinality="243" Parallel="0" EstimateRebinds="0.278947" EstimateRewinds="0" EstimatedExecutionMode="Row"><OutputList><ColumnReference Database="[AirLinesDBNew62]" Schema="[dbo]" Table="[AirLinesTable]" Column="AirLine_ID"/><ColumnReference Database="[AirLinesDBNew62]" Schema="[dbo]" Table="[AirLinesTable]" Column="AirLineName"/><ColumnReference Database="[AirLinesDBNew62]" Schema="[dbo]" Table="[AirLinesTable]" Column="AirLineAlias"/><ColumnReference Database="[AirLinesDBNew62]" Schema="[dbo]" Table="[AirLinesTable]" Column="AirLineCodeICAO"/><ColumnReference Database="[AirLinesDBNew62]" Schema="[dbo]" Table="[AirLinesTable]" Column="AirLineCallSighn"/><ColumnReference Database="[AirLinesDBNew62]" Schema="[dbo]" Table="[AirLinesTable]" Column="AirLineCity"/><ColumnReference Database="[AirLinesDBNew62]" Schema="[dbo]" Table="[AirLinesTable]" Column="AirLineCountry"/><ColumnReference Database="[AirLinesDBNew62]" Schema="[dbo]" Table="[AirLinesTable]" Column="AirLineStatus"/><ColumnReference Database="[AirLinesDBNew62]" Schema="[dbo]" Table="[AirLinesTable]" Column="CreationDate"/><ColumnReference Database="[AirLinesDBNew62]" Schema="[dbo]" Table="[AirLinesTable]" Column="AirLineDescription"/><ColumnReference Database="[AirLinesDBNew62]" Schema="[dbo]" Table="[AirLinesTable]" Column="Aliance"/><ColumnReference Database="[AirLinesDBNew62]" Schema="[dbo]" Table="[AirLinesTable]" Column="Hubs"/></OutputList><IndexScan Lookup="1" Ordered="1" ScanDirection="FORWARD" ForcedIndex="0" ForceSeek="0" ForceScan="0" NoExpandHint="0" Storage="RowStore"><DefinedValues><DefinedValue><ColumnReference Database="[AirLinesDBNew62]" Schema="[dbo]" Table="[AirLinesTable]" Column="AirLine_ID"/></DefinedValue><DefinedValue><ColumnReference Database="[AirLinesDBNew62]" Schema="[dbo]" Table="[AirLinesTable]" Column="AirLineName"/></DefinedValue><DefinedValue><ColumnReference Database="[AirLinesDBNew62]" Schema="[dbo]" Table="[AirLinesTable]" Column="AirLineAlias"/></DefinedValue><DefinedValue><ColumnReference Database="[AirLinesDBNew62]" Schema="[dbo]" Table="[AirLinesTable]" Column="AirLineCodeICAO"/></DefinedValue><DefinedValue><ColumnReference Database="[AirLinesDBNew62]" Schema="[dbo]" Table="[AirLinesTable]" Column="AirLineCallSighn"/></DefinedValue><DefinedValue><ColumnReference Database="[AirLinesDBNew62]" Schema="[dbo]" Table="[AirLinesTable]" Column="AirLineCity"/></DefinedValue><DefinedValue><ColumnReference Database="[AirLinesDBNew62]" Schema="[dbo]" Table="[AirLinesTable]" Column="AirLineCountry"/></DefinedValue><DefinedValue><ColumnReference Database="[AirLinesDBNew62]" Schema="[dbo]" Table="[AirLinesTable]" Column="AirLineStatus"/></DefinedValue><DefinedValue><ColumnReference Database="[AirLinesDBNew62]" Schema="[dbo]" Table="[AirLinesTable]" Column="CreationDate"/></DefinedValue><DefinedValue><ColumnReference Database="[AirLinesDBNew62]" Schema="[dbo]" Table="[AirLinesTable]" Column="AirLineDescription"/></DefinedValue><DefinedValue><ColumnReference Database="[AirLinesDBNew62]" Schema="[dbo]" Table="[AirLinesTable]" Column="Aliance"/></DefinedValue><DefinedValue><ColumnReference Database="[AirLinesDBNew62]" Schema="[dbo]" Table="[AirLinesTable]" Column="Hubs"/></DefinedValue></DefinedValues><Object Database="[AirLinesDBNew62]" Schema="[dbo]" Table="[AirLinesTable]" Index="[PK_AirLinesTable]" TableReferenceId="-1" IndexKind="Clustered"/><SeekPredicates><SeekPredicateNew><SeekKeys><Prefix ScanType="EQ"><RangeColumns><ColumnReference Database="[AirLinesDBNew62]" Schema="[dbo]" Table="[AirLinesTable]" Column="AirLineUniqueNumber"/></RangeColumns><RangeExpressions><ScalarOperator ScalarString="[AirLinesDBNew62].[dbo].[AirLinesTable].[AirLineUniqueNumber]"><Identifier><ColumnReference Database="[AirLinesDBNew62]" Schema="[dbo]" Table="[AirLinesTable]" Column="AirLineUniqueNumber"/></Identifier></ScalarOperator></RangeExpressions></Prefix></SeekKeys></SeekPredicateNew></SeekPredicates></IndexScan></RelOp></NestedLoops></RelOp><ParameterList><ColumnReference Column="@1" ParameterCompiledValue="&apos;UA&apos;"/></ParameterList></QueryPlan></StmtSimple></Statements></Batch></BatchSequence></ShowPlanXML>
